[2026-06-03 14:35:57] ERROR insertar detalle
id_pedido: NULL
sql: INSERT INTO Detalle_Pedidos ( id_pedido, id_producto, cantidad, precio_unitario ) VALUES ( ?, ?, ?, ? )
params: array (
  0 => NULL,
  1 => 6,
  2 => 1,
  3 => 500,
)
sqlsrv_errors: array (
  0 => 
  array (
    0 => '23000',
    'SQLSTATE' => '23000',
    1 => 515,
    'code' => 515,
    2 => '[Microsoft][ODBC Driver 17 for SQL Server][SQL Server]Cannot insert the value NULL into column \'id_pedido\', table \'Reloop.dbo.Detalle_Pedidos\'; column does not allow nulls. INSERT fails.',
    'message' => '[Microsoft][ODBC Driver 17 for SQL Server][SQL Server]Cannot insert the value NULL into column \'id_pedido\', table \'Reloop.dbo.Detalle_Pedidos\'; column does not allow nulls. INSERT fails.',
  ),
  1 => 
  array (
    0 => '01000',
    'SQLSTATE' => '01000',
    1 => 3621,
    'code' => 3621,
    2 => '[Microsoft][ODBC Driver 17 for SQL Server][SQL Server]The statement has been terminated.',
    'message' => '[Microsoft][ODBC Driver 17 for SQL Server][SQL Server]The statement has been terminated.',
  ),
)
producto: array (
  'id' => 6,
  'sku' => 'ROP006',
  'nombre' => 'Vestido Corbatas Vintage',
  'precio' => 500,
  'imagen' => 'vestidoCorbatas.webp',
  'cantidad' => 1,
)

